-- Found ament_cmake: 2.5.6 (/opt/ros/jazzy/share/ament_cmake/cmake)
-- Override CMake install command with custom implementation using symlinks instead of copying resources
-- Configuring done (0.3s)
-- Generating done (0.0s)
-- Build files have been written to: /home/hakim/Stage_allemagne/spot_ws/src/spot_bringup/build/spot_bringup
-- Install configuration: ""
-- Execute custom install script
-- Up-to-date symlink: /home/hakim/Stage_allemagne/spot_ws/src/spot_bringup/install/spot_bringup/share/spot_bringup/launch/spot.launch.py
-- Up-to-date symlink: /home/hakim/Stage_allemagne/spot_ws/src/spot_bringup/install/spot_bringup/share/spot_bringup/config/microspot_controllers.yaml
-- Up-to-date symlink: /home/hakim/Stage_allemagne/spot_ws/src/spot_bringup/install/spot_bringup/share/ament_index/resource_index/package_run_dependencies/spot_bringup
-- Up-to-date symlink: /home/hakim/Stage_allemagne/spot_ws/src/spot_bringup/install/spot_bringup/share/ament_index/resource_index/parent_prefix_path/spot_bringup
-- Up-to-date symlink: /home/hakim/Stage_allemagne/spot_ws/src/spot_bringup/install/spot_bringup/share/spot_bringup/environment/ament_prefix_path.sh
-- Up-to-date symlink: /home/hakim/Stage_allemagne/spot_ws/src/spot_bringup/install/spot_bringup/share/spot_bringup/environment/ament_prefix_path.dsv
-- Up-to-date symlink: /home/hakim/Stage_allemagne/spot_ws/src/spot_bringup/install/spot_bringup/share/spot_bringup/environment/path.sh
-- Up-to-date symlink: /home/hakim/Stage_allemagne/spot_ws/src/spot_bringup/install/spot_bringup/share/spot_bringup/environment/path.dsv
-- Up-to-date symlink: /home/hakim/Stage_allemagne/spot_ws/src/spot_bringup/install/spot_bringup/share/spot_bringup/local_setup.bash
-- Up-to-date symlink: /home/hakim/Stage_allemagne/spot_ws/src/spot_bringup/install/spot_bringup/share/spot_bringup/local_setup.sh
-- Up-to-date symlink: /home/hakim/Stage_allemagne/spot_ws/src/spot_bringup/install/spot_bringup/share/spot_bringup/local_setup.zsh
-- Up-to-date symlink: /home/hakim/Stage_allemagne/spot_ws/src/spot_bringup/install/spot_bringup/share/spot_bringup/local_setup.dsv
-- Symlinking: /home/hakim/Stage_allemagne/spot_ws/src/spot_bringup/install/spot_bringup/share/spot_bringup/package.dsv
-- Up-to-date symlink: /home/hakim/Stage_allemagne/spot_ws/src/spot_bringup/install/spot_bringup/share/ament_index/resource_index/packages/spot_bringup
-- Up-to-date symlink: /home/hakim/Stage_allemagne/spot_ws/src/spot_bringup/install/spot_bringup/share/spot_bringup/cmake/spot_bringupConfig.cmake
-- Up-to-date symlink: /home/hakim/Stage_allemagne/spot_ws/src/spot_bringup/install/spot_bringup/share/spot_bringup/cmake/spot_bringupConfig-version.cmake
-- Up-to-date symlink: /home/hakim/Stage_allemagne/spot_ws/src/spot_bringup/install/spot_bringup/share/spot_bringup/package.xml
