[0.013s] Invoking command in '/home/hakim/Stage_allemagne/spot_ws/src/spot_bringup/build/spot_bringup': CMAKE_PREFIX_PATH=${CMAKE_PREFIX_PATH}:/opt/ros/jazzy DEBUGINFOD_URLS=https://debuginfod.ubuntu.com /usr/bin/cmake /home/hakim/Stage_allemagne/spot_ws/src/spot_bringup -DCMAKE_INSTALL_PREFIX=/home/hakim/Stage_allemagne/spot_ws/src/spot_bringup/install/spot_bringup
[0.028s] -- Found ament_cmake: 2.5.6 (/opt/ros/jazzy/share/ament_cmake/cmake)
[0.220s] -- Override CMake install command with custom implementation using symlinks instead of copying resources
[0.303s] -- Configuring done (0.3s)
[0.305s] -- Generating done (0.0s)
[0.307s] -- Build files have been written to: /home/hakim/Stage_allemagne/spot_ws/src/spot_bringup/build/spot_bringup
[0.310s] Invoked command in '/home/hakim/Stage_allemagne/spot_ws/src/spot_bringup/build/spot_bringup' returned '0': CMAKE_PREFIX_PATH=${CMAKE_PREFIX_PATH}:/opt/ros/jazzy DEBUGINFOD_URLS=https://debuginfod.ubuntu.com /usr/bin/cmake /home/hakim/Stage_allemagne/spot_ws/src/spot_bringup -DCMAKE_INSTALL_PREFIX=/home/hakim/Stage_allemagne/spot_ws/src/spot_bringup/install/spot_bringup
[0.311s] Invoking command in '/home/hakim/Stage_allemagne/spot_ws/src/spot_bringup/build/spot_bringup': CMAKE_PREFIX_PATH=${CMAKE_PREFIX_PATH}:/opt/ros/jazzy DEBUGINFOD_URLS=https://debuginfod.ubuntu.com /usr/bin/cmake --build /home/hakim/Stage_allemagne/spot_ws/src/spot_bringup/build/spot_bringup -- -j8 -l8
[0.350s] Invoked command in '/home/hakim/Stage_allemagne/spot_ws/src/spot_bringup/build/spot_bringup' returned '0': CMAKE_PREFIX_PATH=${CMAKE_PREFIX_PATH}:/opt/ros/jazzy DEBUGINFOD_URLS=https://debuginfod.ubuntu.com /usr/bin/cmake --build /home/hakim/Stage_allemagne/spot_ws/src/spot_bringup/build/spot_bringup -- -j8 -l8
[0.359s] Invoking command in '/home/hakim/Stage_allemagne/spot_ws/src/spot_bringup/build/spot_bringup': CMAKE_PREFIX_PATH=${CMAKE_PREFIX_PATH}:/opt/ros/jazzy DEBUGINFOD_URLS=https://debuginfod.ubuntu.com /usr/bin/cmake --install /home/hakim/Stage_allemagne/spot_ws/src/spot_bringup/build/spot_bringup
[0.366s] -- Install configuration: ""
[0.367s] -- Execute custom install script
[0.367s] -- Up-to-date symlink: /home/hakim/Stage_allemagne/spot_ws/src/spot_bringup/install/spot_bringup/share/spot_bringup/launch/spot.launch.py
[0.368s] -- Up-to-date symlink: /home/hakim/Stage_allemagne/spot_ws/src/spot_bringup/install/spot_bringup/share/spot_bringup/config/microspot_controllers.yaml
[0.368s] -- Up-to-date symlink: /home/hakim/Stage_allemagne/spot_ws/src/spot_bringup/install/spot_bringup/share/ament_index/resource_index/package_run_dependencies/spot_bringup
[0.368s] -- Up-to-date symlink: /home/hakim/Stage_allemagne/spot_ws/src/spot_bringup/install/spot_bringup/share/ament_index/resource_index/parent_prefix_path/spot_bringup
[0.368s] -- Up-to-date symlink: /home/hakim/Stage_allemagne/spot_ws/src/spot_bringup/install/spot_bringup/share/spot_bringup/environment/ament_prefix_path.sh
[0.368s] -- Up-to-date symlink: /home/hakim/Stage_allemagne/spot_ws/src/spot_bringup/install/spot_bringup/share/spot_bringup/environment/ament_prefix_path.dsv
[0.369s] -- Up-to-date symlink: /home/hakim/Stage_allemagne/spot_ws/src/spot_bringup/install/spot_bringup/share/spot_bringup/environment/path.sh
[0.369s] -- Up-to-date symlink: /home/hakim/Stage_allemagne/spot_ws/src/spot_bringup/install/spot_bringup/share/spot_bringup/environment/path.dsv
[0.369s] -- Up-to-date symlink: /home/hakim/Stage_allemagne/spot_ws/src/spot_bringup/install/spot_bringup/share/spot_bringup/local_setup.bash
[0.370s] -- Up-to-date symlink: /home/hakim/Stage_allemagne/spot_ws/src/spot_bringup/install/spot_bringup/share/spot_bringup/local_setup.sh
[0.370s] -- Up-to-date symlink: /home/hakim/Stage_allemagne/spot_ws/src/spot_bringup/install/spot_bringup/share/spot_bringup/local_setup.zsh
[0.370s] -- Up-to-date symlink: /home/hakim/Stage_allemagne/spot_ws/src/spot_bringup/install/spot_bringup/share/spot_bringup/local_setup.dsv
[0.370s] -- Symlinking: /home/hakim/Stage_allemagne/spot_ws/src/spot_bringup/install/spot_bringup/share/spot_bringup/package.dsv
[0.378s] -- Up-to-date symlink: /home/hakim/Stage_allemagne/spot_ws/src/spot_bringup/install/spot_bringup/share/ament_index/resource_index/packages/spot_bringup
[0.379s] -- Up-to-date symlink: /home/hakim/Stage_allemagne/spot_ws/src/spot_bringup/install/spot_bringup/share/spot_bringup/cmake/spot_bringupConfig.cmake
[0.379s] -- Up-to-date symlink: /home/hakim/Stage_allemagne/spot_ws/src/spot_bringup/install/spot_bringup/share/spot_bringup/cmake/spot_bringupConfig-version.cmake
[0.379s] -- Up-to-date symlink: /home/hakim/Stage_allemagne/spot_ws/src/spot_bringup/install/spot_bringup/share/spot_bringup/package.xml
[0.381s] Invoked command in '/home/hakim/Stage_allemagne/spot_ws/src/spot_bringup/build/spot_bringup' returned '0': CMAKE_PREFIX_PATH=${CMAKE_PREFIX_PATH}:/opt/ros/jazzy DEBUGINFOD_URLS=https://debuginfod.ubuntu.com /usr/bin/cmake --install /home/hakim/Stage_allemagne/spot_ws/src/spot_bringup/build/spot_bringup
