-- The C compiler identification is GNU 13.3.0
-- The CXX compiler identification is GNU 13.3.0
-- Detecting C compiler ABI info
-- Detecting C compiler ABI info - done
-- Check for working C compiler: /usr/bin/cc - skipped
-- Detecting C compile features
-- Detecting C compile features - done
-- Detecting CXX compiler ABI info
-- Detecting CXX compiler ABI info - done
-- Check for working CXX compiler: /usr/bin/c++ - skipped
-- Detecting CXX compile features
-- Detecting CXX compile features - done
-- Found ament_cmake: 2.5.6 (/opt/ros/jazzy/share/ament_cmake/cmake)
-- Found Python3: /usr/bin/python3 (found version "3.12.3") found components: Interpreter 
-- Override CMake install command with custom implementation using symlinks instead of copying resources
-- Configuring done (2.7s)
-- Generating done (0.0s)
-- Build files have been written to: /home/hakim/Stage_allemagne/spot_ws/src/spot_bringup/build/spot_bringup
-- Install configuration: ""
-- Execute custom install script
-- Symlinking: /home/hakim/Stage_allemagne/spot_ws/src/spot_bringup/install/spot_bringup/share/spot_bringup/launch/spot.launch.py
-- Symlinking: /home/hakim/Stage_allemagne/spot_ws/src/spot_bringup/install/spot_bringup/share/spot_bringup/config/microspot_controllers.yaml
-- Symlinking: /home/hakim/Stage_allemagne/spot_ws/src/spot_bringup/install/spot_bringup/share/ament_index/resource_index/package_run_dependencies/spot_bringup
-- Symlinking: /home/hakim/Stage_allemagne/spot_ws/src/spot_bringup/install/spot_bringup/share/ament_index/resource_index/parent_prefix_path/spot_bringup
-- Symlinking: /home/hakim/Stage_allemagne/spot_ws/src/spot_bringup/install/spot_bringup/share/spot_bringup/environment/ament_prefix_path.sh
-- Symlinking: /home/hakim/Stage_allemagne/spot_ws/src/spot_bringup/install/spot_bringup/share/spot_bringup/environment/ament_prefix_path.dsv
-- Symlinking: /home/hakim/Stage_allemagne/spot_ws/src/spot_bringup/install/spot_bringup/share/spot_bringup/environment/path.sh
-- Symlinking: /home/hakim/Stage_allemagne/spot_ws/src/spot_bringup/install/spot_bringup/share/spot_bringup/environment/path.dsv
-- Symlinking: /home/hakim/Stage_allemagne/spot_ws/src/spot_bringup/install/spot_bringup/share/spot_bringup/local_setup.bash
-- Symlinking: /home/hakim/Stage_allemagne/spot_ws/src/spot_bringup/install/spot_bringup/share/spot_bringup/local_setup.sh
-- Symlinking: /home/hakim/Stage_allemagne/spot_ws/src/spot_bringup/install/spot_bringup/share/spot_bringup/local_setup.zsh
-- Symlinking: /home/hakim/Stage_allemagne/spot_ws/src/spot_bringup/install/spot_bringup/share/spot_bringup/local_setup.dsv
-- Symlinking: /home/hakim/Stage_allemagne/spot_ws/src/spot_bringup/install/spot_bringup/share/spot_bringup/package.dsv
-- Symlinking: /home/hakim/Stage_allemagne/spot_ws/src/spot_bringup/install/spot_bringup/share/ament_index/resource_index/packages/spot_bringup
-- Symlinking: /home/hakim/Stage_allemagne/spot_ws/src/spot_bringup/install/spot_bringup/share/spot_bringup/cmake/spot_bringupConfig.cmake
-- Symlinking: /home/hakim/Stage_allemagne/spot_ws/src/spot_bringup/install/spot_bringup/share/spot_bringup/cmake/spot_bringupConfig-version.cmake
-- Symlinking: /home/hakim/Stage_allemagne/spot_ws/src/spot_bringup/install/spot_bringup/share/spot_bringup/package.xml
