[0.014s] Invoking command in '/home/hakim/Stage_allemagne/spot_ws/src/spot_bringup/build/spot_bringup': CMAKE_PREFIX_PATH=${CMAKE_PREFIX_PATH}:/opt/ros/jazzy DEBUGINFOD_URLS=https://debuginfod.ubuntu.com /usr/bin/cmake /home/hakim/Stage_allemagne/spot_ws/src/spot_bringup -DAMENT_CMAKE_SYMLINK_INSTALL=1 -DCMAKE_INSTALL_PREFIX=/home/hakim/Stage_allemagne/spot_ws/src/spot_bringup/install/spot_bringup
[0.183s] -- The C compiler identification is GNU 13.3.0
[0.911s] -- The CXX compiler identification is GNU 13.3.0
[1.595s] -- Detecting C compiler ABI info
[1.900s] -- Detecting C compiler ABI info - done
[1.907s] -- Check for working C compiler: /usr/bin/cc - skipped
[1.908s] -- Detecting C compile features
[1.908s] -- Detecting C compile features - done
[2.032s] -- Detecting CXX compiler ABI info
[2.345s] -- Detecting CXX compiler ABI info - done
[2.353s] -- Check for working CXX compiler: /usr/bin/c++ - skipped
[2.353s] -- Detecting CXX compile features
[2.353s] -- Detecting CXX compile features - done
[2.357s] -- Found ament_cmake: 2.5.6 (/opt/ros/jazzy/share/ament_cmake/cmake)
[2.501s] -- Found Python3: /usr/bin/python3 (found version "3.12.3") found components: Interpreter 
[2.568s] -- Override CMake install command with custom implementation using symlinks instead of copying resources
[2.683s] -- Configuring done (2.7s)
[2.686s] -- Generating done (0.0s)
[2.687s] -- Build files have been written to: /home/hakim/Stage_allemagne/spot_ws/src/spot_bringup/build/spot_bringup
[2.692s] Invoked command in '/home/hakim/Stage_allemagne/spot_ws/src/spot_bringup/build/spot_bringup' returned '0': CMAKE_PREFIX_PATH=${CMAKE_PREFIX_PATH}:/opt/ros/jazzy DEBUGINFOD_URLS=https://debuginfod.ubuntu.com /usr/bin/cmake /home/hakim/Stage_allemagne/spot_ws/src/spot_bringup -DAMENT_CMAKE_SYMLINK_INSTALL=1 -DCMAKE_INSTALL_PREFIX=/home/hakim/Stage_allemagne/spot_ws/src/spot_bringup/install/spot_bringup
[2.694s] Invoking command in '/home/hakim/Stage_allemagne/spot_ws/src/spot_bringup/build/spot_bringup': CMAKE_PREFIX_PATH=${CMAKE_PREFIX_PATH}:/opt/ros/jazzy DEBUGINFOD_URLS=https://debuginfod.ubuntu.com /usr/bin/cmake --build /home/hakim/Stage_allemagne/spot_ws/src/spot_bringup/build/spot_bringup -- -j8 -l8
[2.734s] Invoked command in '/home/hakim/Stage_allemagne/spot_ws/src/spot_bringup/build/spot_bringup' returned '0': CMAKE_PREFIX_PATH=${CMAKE_PREFIX_PATH}:/opt/ros/jazzy DEBUGINFOD_URLS=https://debuginfod.ubuntu.com /usr/bin/cmake --build /home/hakim/Stage_allemagne/spot_ws/src/spot_bringup/build/spot_bringup -- -j8 -l8
[2.743s] Invoking command in '/home/hakim/Stage_allemagne/spot_ws/src/spot_bringup/build/spot_bringup': CMAKE_PREFIX_PATH=${CMAKE_PREFIX_PATH}:/opt/ros/jazzy DEBUGINFOD_URLS=https://debuginfod.ubuntu.com /usr/bin/cmake --install /home/hakim/Stage_allemagne/spot_ws/src/spot_bringup/build/spot_bringup
[2.752s] -- Install configuration: ""
[2.753s] -- Execute custom install script
[2.754s] -- Symlinking: /home/hakim/Stage_allemagne/spot_ws/src/spot_bringup/install/spot_bringup/share/spot_bringup/launch/spot.launch.py
[2.763s] -- Symlinking: /home/hakim/Stage_allemagne/spot_ws/src/spot_bringup/install/spot_bringup/share/spot_bringup/config/microspot_controllers.yaml
[2.772s] -- Symlinking: /home/hakim/Stage_allemagne/spot_ws/src/spot_bringup/install/spot_bringup/share/ament_index/resource_index/package_run_dependencies/spot_bringup
[2.781s] -- Symlinking: /home/hakim/Stage_allemagne/spot_ws/src/spot_bringup/install/spot_bringup/share/ament_index/resource_index/parent_prefix_path/spot_bringup
[2.790s] -- Symlinking: /home/hakim/Stage_allemagne/spot_ws/src/spot_bringup/install/spot_bringup/share/spot_bringup/environment/ament_prefix_path.sh
[2.800s] -- Symlinking: /home/hakim/Stage_allemagne/spot_ws/src/spot_bringup/install/spot_bringup/share/spot_bringup/environment/ament_prefix_path.dsv
[2.809s] -- Symlinking: /home/hakim/Stage_allemagne/spot_ws/src/spot_bringup/install/spot_bringup/share/spot_bringup/environment/path.sh
[2.820s] -- Symlinking: /home/hakim/Stage_allemagne/spot_ws/src/spot_bringup/install/spot_bringup/share/spot_bringup/environment/path.dsv
[2.830s] -- Symlinking: /home/hakim/Stage_allemagne/spot_ws/src/spot_bringup/install/spot_bringup/share/spot_bringup/local_setup.bash
[2.839s] -- Symlinking: /home/hakim/Stage_allemagne/spot_ws/src/spot_bringup/install/spot_bringup/share/spot_bringup/local_setup.sh
[2.848s] -- Symlinking: /home/hakim/Stage_allemagne/spot_ws/src/spot_bringup/install/spot_bringup/share/spot_bringup/local_setup.zsh
[2.857s] -- Symlinking: /home/hakim/Stage_allemagne/spot_ws/src/spot_bringup/install/spot_bringup/share/spot_bringup/local_setup.dsv
[2.866s] -- Symlinking: /home/hakim/Stage_allemagne/spot_ws/src/spot_bringup/install/spot_bringup/share/spot_bringup/package.dsv
[2.875s] -- Symlinking: /home/hakim/Stage_allemagne/spot_ws/src/spot_bringup/install/spot_bringup/share/ament_index/resource_index/packages/spot_bringup
[2.885s] -- Symlinking: /home/hakim/Stage_allemagne/spot_ws/src/spot_bringup/install/spot_bringup/share/spot_bringup/cmake/spot_bringupConfig.cmake
[2.893s] -- Symlinking: /home/hakim/Stage_allemagne/spot_ws/src/spot_bringup/install/spot_bringup/share/spot_bringup/cmake/spot_bringupConfig-version.cmake
[2.902s] -- Symlinking: /home/hakim/Stage_allemagne/spot_ws/src/spot_bringup/install/spot_bringup/share/spot_bringup/package.xml
[2.913s] Invoked command in '/home/hakim/Stage_allemagne/spot_ws/src/spot_bringup/build/spot_bringup' returned '0': CMAKE_PREFIX_PATH=${CMAKE_PREFIX_PATH}:/opt/ros/jazzy DEBUGINFOD_URLS=https://debuginfod.ubuntu.com /usr/bin/cmake --install /home/hakim/Stage_allemagne/spot_ws/src/spot_bringup/build/spot_bringup
