[0.216s] DEBUG:colcon:Command line arguments: ['/usr/bin/colcon', 'build']
[0.216s] DEBUG:colcon:Parsed command line arguments: Namespace(log_base=None, log_level=None, verb_name='build', build_base='build', install_base='install', merge_install=False, symlink_install=False, test_result_base=None, continue_on_error=False, executor='parallel', parallel_workers=8, event_handlers=None, ignore_user_meta=False, metas=['./colcon.meta'], base_paths=['.'], packages_ignore=None, packages_ignore_regex=None, paths=None, packages_up_to=None, packages_up_to_regex=None, packages_above=None, packages_above_and_dependencies=None, packages_above_depth=None, packages_select_by_dep=None, packages_skip_by_dep=None, packages_skip_up_to=None, packages_select_build_failed=False, packages_skip_build_finished=False, packages_select_test_failures=False, packages_skip_test_passed=False, packages_select=None, packages_skip=None, packages_select_regex=None, packages_skip_regex=None, packages_start=None, packages_end=None, allow_overriding=[], cmake_args=None, cmake_target=None, cmake_target_skip_unavailable=False, cmake_clean_cache=False, cmake_clean_first=False, cmake_force_configure=False, ament_cmake_args=None, catkin_cmake_args=None, catkin_skip_building_tests=False, mixin_files=None, mixin=None, verb_parser=<colcon_mixin.mixin.mixin_argument.MixinArgumentDecorator object at 0x7e1b5d2ea9f0>, verb_extension=<colcon_core.verb.build.BuildVerb object at 0x7e1b5d212ff0>, main=<bound method BuildVerb.main of <colcon_core.verb.build.BuildVerb object at 0x7e1b5d212ff0>>, mixin_verb=('build',))
[0.246s] Level 1:colcon.colcon_core.package_discovery:discover_packages(colcon_meta) check parameters
[0.246s] Level 1:colcon.colcon_core.package_discovery:discover_packages(recursive) check parameters
[0.246s] Level 1:colcon.colcon_core.package_discovery:discover_packages(ignore) check parameters
[0.246s] Level 1:colcon.colcon_core.package_discovery:discover_packages(path) check parameters
[0.246s] Level 1:colcon.colcon_core.package_discovery:discover_packages(colcon_meta) discover
[0.247s] Level 1:colcon.colcon_core.package_discovery:discover_packages(recursive) discover
[0.247s] INFO:colcon.colcon_core.package_discovery:Crawling recursively for packages in '/home/hakim/Stage_allemagne/spot_ws/src/spot_bringup'
[0.247s] Level 1:colcon.colcon_core.package_identification:_identify(.) by extensions ['ignore', 'ignore_ament_install']
[0.247s] Level 1:colcon.colcon_core.package_identification:_identify(.) by extension 'ignore'
[0.247s] Level 1:colcon.colcon_core.package_identification:_identify(.) by extension 'ignore_ament_install'
[0.247s] Level 1:colcon.colcon_core.package_identification:_identify(.) by extensions ['colcon_pkg']
[0.247s] Level 1:colcon.colcon_core.package_identification:_identify(.) by extension 'colcon_pkg'
[0.247s] Level 1:colcon.colcon_core.package_identification:_identify(.) by extensions ['colcon_meta']
[0.247s] Level 1:colcon.colcon_core.package_identification:_identify(.) by extension 'colcon_meta'
[0.247s] Level 1:colcon.colcon_core.package_identification:_identify(.) by extensions ['ros']
[0.247s] Level 1:colcon.colcon_core.package_identification:_identify(.) by extension 'ros'
[0.268s] DEBUG:colcon.colcon_core.package_identification:Package '.' with type 'ros.ament_cmake' and name 'spot_bringup'
[0.268s] Level 1:colcon.colcon_core.package_discovery:discover_packages(recursive) using defaults
[0.268s] Level 1:colcon.colcon_core.package_discovery:discover_packages(ignore) discover
[0.268s] Level 1:colcon.colcon_core.package_discovery:discover_packages(ignore) using defaults
[0.268s] Level 1:colcon.colcon_core.package_discovery:discover_packages(path) discover
[0.268s] Level 1:colcon.colcon_core.package_discovery:discover_packages(path) using defaults
[0.281s] Level 1:colcon.colcon_core.package_discovery:discover_packages(prefix_path) check parameters
[0.281s] Level 1:colcon.colcon_core.package_discovery:discover_packages(prefix_path) discover
[0.282s] DEBUG:colcon.colcon_installed_package_information.package_discovery:Found 2 installed packages in /home/hakim/Stage_allemagne/spot_ws/install
[0.283s] DEBUG:colcon.colcon_installed_package_information.package_discovery:Found 346 installed packages in /opt/ros/jazzy
[0.285s] Level 1:colcon.colcon_core.package_discovery:discover_packages(prefix_path) using defaults
[0.317s] Level 5:colcon.colcon_core.verb:set package 'spot_bringup' build argument 'cmake_args' from command line to 'None'
[0.318s] Level 5:colcon.colcon_core.verb:set package 'spot_bringup' build argument 'cmake_target' from command line to 'None'
[0.318s] Level 5:colcon.colcon_core.verb:set package 'spot_bringup' build argument 'cmake_target_skip_unavailable' from command line to 'False'
[0.318s] Level 5:colcon.colcon_core.verb:set package 'spot_bringup' build argument 'cmake_clean_cache' from command line to 'False'
[0.318s] Level 5:colcon.colcon_core.verb:set package 'spot_bringup' build argument 'cmake_clean_first' from command line to 'False'
[0.318s] Level 5:colcon.colcon_core.verb:set package 'spot_bringup' build argument 'cmake_force_configure' from command line to 'False'
[0.318s] Level 5:colcon.colcon_core.verb:set package 'spot_bringup' build argument 'ament_cmake_args' from command line to 'None'
[0.318s] Level 5:colcon.colcon_core.verb:set package 'spot_bringup' build argument 'catkin_cmake_args' from command line to 'None'
[0.318s] Level 5:colcon.colcon_core.verb:set package 'spot_bringup' build argument 'catkin_skip_building_tests' from command line to 'False'
[0.318s] DEBUG:colcon.colcon_core.verb:Building package 'spot_bringup' with the following arguments: {'ament_cmake_args': None, 'build_base': '/home/hakim/Stage_allemagne/spot_ws/src/spot_bringup/build/spot_bringup', 'catkin_cmake_args': None, 'catkin_skip_building_tests': False, 'cmake_args': None, 'cmake_clean_cache': False, 'cmake_clean_first': False, 'cmake_force_configure': False, 'cmake_target': None, 'cmake_target_skip_unavailable': False, 'install_base': '/home/hakim/Stage_allemagne/spot_ws/src/spot_bringup/install/spot_bringup', 'merge_install': False, 'path': '/home/hakim/Stage_allemagne/spot_ws/src/spot_bringup', 'symlink_install': False, 'test_result_base': None}
[0.318s] INFO:colcon.colcon_core.executor:Executing jobs using 'parallel' executor
[0.319s] DEBUG:colcon.colcon_parallel_executor.executor.parallel:run_until_complete
[0.320s] INFO:colcon.colcon_ros.task.ament_cmake.build:Building ROS package in '/home/hakim/Stage_allemagne/spot_ws/src/spot_bringup' with build type 'ament_cmake'
[0.320s] INFO:colcon.colcon_cmake.task.cmake.build:Building CMake package in '/home/hakim/Stage_allemagne/spot_ws/src/spot_bringup'
[0.323s] INFO:colcon.colcon_core.plugin_system:Skipping extension 'colcon_core.shell.bat': Not used on non-Windows systems
[0.324s] INFO:colcon.colcon_core.shell:Skip shell extension 'powershell' for command environment: Not usable outside of PowerShell
[0.324s] DEBUG:colcon.colcon_core.shell:Skip shell extension 'dsv' for command environment
[0.334s] DEBUG:colcon.colcon_core.event_handler.log_command:Invoking command in '/home/hakim/Stage_allemagne/spot_ws/src/spot_bringup/build/spot_bringup': CMAKE_PREFIX_PATH=${CMAKE_PREFIX_PATH}:/opt/ros/jazzy DEBUGINFOD_URLS=https://debuginfod.ubuntu.com /usr/bin/cmake /home/hakim/Stage_allemagne/spot_ws/src/spot_bringup -DCMAKE_INSTALL_PREFIX=/home/hakim/Stage_allemagne/spot_ws/src/spot_bringup/install/spot_bringup
[0.630s] DEBUG:colcon.colcon_core.event_handler.log_command:Invoked command in '/home/hakim/Stage_allemagne/spot_ws/src/spot_bringup/build/spot_bringup' returned '0': CMAKE_PREFIX_PATH=${CMAKE_PREFIX_PATH}:/opt/ros/jazzy DEBUGINFOD_URLS=https://debuginfod.ubuntu.com /usr/bin/cmake /home/hakim/Stage_allemagne/spot_ws/src/spot_bringup -DCMAKE_INSTALL_PREFIX=/home/hakim/Stage_allemagne/spot_ws/src/spot_bringup/install/spot_bringup
[0.632s] DEBUG:colcon.colcon_core.event_handler.log_command:Invoking command in '/home/hakim/Stage_allemagne/spot_ws/src/spot_bringup/build/spot_bringup': CMAKE_PREFIX_PATH=${CMAKE_PREFIX_PATH}:/opt/ros/jazzy DEBUGINFOD_URLS=https://debuginfod.ubuntu.com /usr/bin/cmake --build /home/hakim/Stage_allemagne/spot_ws/src/spot_bringup/build/spot_bringup -- -j8 -l8
[0.671s] DEBUG:colcon.colcon_core.event_handler.log_command:Invoked command in '/home/hakim/Stage_allemagne/spot_ws/src/spot_bringup/build/spot_bringup' returned '0': CMAKE_PREFIX_PATH=${CMAKE_PREFIX_PATH}:/opt/ros/jazzy DEBUGINFOD_URLS=https://debuginfod.ubuntu.com /usr/bin/cmake --build /home/hakim/Stage_allemagne/spot_ws/src/spot_bringup/build/spot_bringup -- -j8 -l8
[0.680s] DEBUG:colcon.colcon_core.event_handler.log_command:Invoking command in '/home/hakim/Stage_allemagne/spot_ws/src/spot_bringup/build/spot_bringup': CMAKE_PREFIX_PATH=${CMAKE_PREFIX_PATH}:/opt/ros/jazzy DEBUGINFOD_URLS=https://debuginfod.ubuntu.com /usr/bin/cmake --install /home/hakim/Stage_allemagne/spot_ws/src/spot_bringup/build/spot_bringup
[0.701s] Level 1:colcon.colcon_core.environment:create_environment_scripts_only(spot_bringup)
[0.702s] DEBUG:colcon.colcon_core.event_handler.log_command:Invoked command in '/home/hakim/Stage_allemagne/spot_ws/src/spot_bringup/build/spot_bringup' returned '0': CMAKE_PREFIX_PATH=${CMAKE_PREFIX_PATH}:/opt/ros/jazzy DEBUGINFOD_URLS=https://debuginfod.ubuntu.com /usr/bin/cmake --install /home/hakim/Stage_allemagne/spot_ws/src/spot_bringup/build/spot_bringup
[0.704s] Level 1:colcon.colcon_core.environment:checking '/home/hakim/Stage_allemagne/spot_ws/src/spot_bringup/install/spot_bringup' for CMake module files
[0.704s] Level 1:colcon.colcon_core.environment:checking '/home/hakim/Stage_allemagne/spot_ws/src/spot_bringup/install/spot_bringup' for CMake config files
[0.704s] Level 1:colcon.colcon_core.shell:create_environment_hook('spot_bringup', 'cmake_prefix_path')
[0.705s] INFO:colcon.colcon_core.shell:Creating environment hook '/home/hakim/Stage_allemagne/spot_ws/src/spot_bringup/install/spot_bringup/share/spot_bringup/hook/cmake_prefix_path.ps1'
[0.705s] INFO:colcon.colcon_core.shell:Creating environment descriptor '/home/hakim/Stage_allemagne/spot_ws/src/spot_bringup/install/spot_bringup/share/spot_bringup/hook/cmake_prefix_path.dsv'
[0.706s] INFO:colcon.colcon_core.shell:Creating environment hook '/home/hakim/Stage_allemagne/spot_ws/src/spot_bringup/install/spot_bringup/share/spot_bringup/hook/cmake_prefix_path.sh'
[0.707s] Level 1:colcon.colcon_core.environment:checking '/home/hakim/Stage_allemagne/spot_ws/src/spot_bringup/install/spot_bringup/bin'
[0.707s] Level 1:colcon.colcon_core.environment:checking '/home/hakim/Stage_allemagne/spot_ws/src/spot_bringup/install/spot_bringup/lib/pkgconfig/spot_bringup.pc'
[0.707s] Level 1:colcon.colcon_core.environment:checking '/home/hakim/Stage_allemagne/spot_ws/src/spot_bringup/install/spot_bringup/lib/python3.12/site-packages'
[0.707s] Level 1:colcon.colcon_core.environment:checking '/home/hakim/Stage_allemagne/spot_ws/src/spot_bringup/install/spot_bringup/bin'
[0.707s] INFO:colcon.colcon_core.shell:Creating package script '/home/hakim/Stage_allemagne/spot_ws/src/spot_bringup/install/spot_bringup/share/spot_bringup/package.ps1'
[0.708s] INFO:colcon.colcon_core.shell:Creating package descriptor '/home/hakim/Stage_allemagne/spot_ws/src/spot_bringup/install/spot_bringup/share/spot_bringup/package.dsv'
[0.709s] INFO:colcon.colcon_core.shell:Creating package script '/home/hakim/Stage_allemagne/spot_ws/src/spot_bringup/install/spot_bringup/share/spot_bringup/package.sh'
[0.709s] INFO:colcon.colcon_core.shell:Creating package script '/home/hakim/Stage_allemagne/spot_ws/src/spot_bringup/install/spot_bringup/share/spot_bringup/package.bash'
[0.710s] INFO:colcon.colcon_core.shell:Creating package script '/home/hakim/Stage_allemagne/spot_ws/src/spot_bringup/install/spot_bringup/share/spot_bringup/package.zsh'
[0.710s] Level 1:colcon.colcon_core.environment:create_file_with_runtime_dependencies(/home/hakim/Stage_allemagne/spot_ws/src/spot_bringup/install/spot_bringup/share/colcon-core/packages/spot_bringup)
[0.710s] Level 1:colcon.colcon_core.environment:create_environment_scripts_only(spot_bringup)
[0.711s] Level 1:colcon.colcon_core.environment:checking '/home/hakim/Stage_allemagne/spot_ws/src/spot_bringup/install/spot_bringup' for CMake module files
[0.711s] Level 1:colcon.colcon_core.environment:checking '/home/hakim/Stage_allemagne/spot_ws/src/spot_bringup/install/spot_bringup' for CMake config files
[0.711s] Level 1:colcon.colcon_core.shell:create_environment_hook('spot_bringup', 'cmake_prefix_path')
[0.711s] INFO:colcon.colcon_core.shell:Creating environment hook '/home/hakim/Stage_allemagne/spot_ws/src/spot_bringup/install/spot_bringup/share/spot_bringup/hook/cmake_prefix_path.ps1'
[0.712s] INFO:colcon.colcon_core.shell:Creating environment descriptor '/home/hakim/Stage_allemagne/spot_ws/src/spot_bringup/install/spot_bringup/share/spot_bringup/hook/cmake_prefix_path.dsv'
[0.712s] INFO:colcon.colcon_core.shell:Creating environment hook '/home/hakim/Stage_allemagne/spot_ws/src/spot_bringup/install/spot_bringup/share/spot_bringup/hook/cmake_prefix_path.sh'
[0.712s] Level 1:colcon.colcon_core.environment:checking '/home/hakim/Stage_allemagne/spot_ws/src/spot_bringup/install/spot_bringup/bin'
[0.712s] Level 1:colcon.colcon_core.environment:checking '/home/hakim/Stage_allemagne/spot_ws/src/spot_bringup/install/spot_bringup/lib/pkgconfig/spot_bringup.pc'
[0.712s] Level 1:colcon.colcon_core.environment:checking '/home/hakim/Stage_allemagne/spot_ws/src/spot_bringup/install/spot_bringup/lib/python3.12/site-packages'
[0.713s] Level 1:colcon.colcon_core.environment:checking '/home/hakim/Stage_allemagne/spot_ws/src/spot_bringup/install/spot_bringup/bin'
[0.713s] INFO:colcon.colcon_core.shell:Creating package script '/home/hakim/Stage_allemagne/spot_ws/src/spot_bringup/install/spot_bringup/share/spot_bringup/package.ps1'
[0.713s] INFO:colcon.colcon_core.shell:Creating package descriptor '/home/hakim/Stage_allemagne/spot_ws/src/spot_bringup/install/spot_bringup/share/spot_bringup/package.dsv'
[0.714s] INFO:colcon.colcon_core.shell:Creating package script '/home/hakim/Stage_allemagne/spot_ws/src/spot_bringup/install/spot_bringup/share/spot_bringup/package.sh'
[0.714s] INFO:colcon.colcon_core.shell:Creating package script '/home/hakim/Stage_allemagne/spot_ws/src/spot_bringup/install/spot_bringup/share/spot_bringup/package.bash'
[0.715s] INFO:colcon.colcon_core.shell:Creating package script '/home/hakim/Stage_allemagne/spot_ws/src/spot_bringup/install/spot_bringup/share/spot_bringup/package.zsh'
[0.715s] Level 1:colcon.colcon_core.environment:create_file_with_runtime_dependencies(/home/hakim/Stage_allemagne/spot_ws/src/spot_bringup/install/spot_bringup/share/colcon-core/packages/spot_bringup)
[0.716s] DEBUG:colcon.colcon_parallel_executor.executor.parallel:closing loop
[0.716s] DEBUG:colcon.colcon_parallel_executor.executor.parallel:loop closed
[0.716s] DEBUG:colcon.colcon_parallel_executor.executor.parallel:run_until_complete finished with '0'
[0.717s] DEBUG:colcon.colcon_core.event_reactor:joining thread
[0.781s] INFO:colcon.colcon_core.plugin_system:Skipping extension 'colcon_notification.desktop_notification.notify_send': Could not find 'notify-send'
[0.782s] INFO:colcon.colcon_core.plugin_system:Skipping extension 'colcon_notification.desktop_notification.terminal_notifier': Not used on non-Darwin systems
[0.782s] INFO:colcon.colcon_core.plugin_system:Skipping extension 'colcon_notification.desktop_notification.win32': Not used on non-Windows systems
[0.782s] INFO:colcon.colcon_notification.desktop_notification:Sending desktop notification using 'notify2'
[0.783s] DEBUG:colcon.colcon_notification.desktop_notification.notify2:Failed to initialize notify2: org.freedesktop.DBus.Error.ServiceUnknown: The name org.freedesktop.Notifications was not provided by any .service files
[0.783s] DEBUG:colcon.colcon_core.event_reactor:joined thread
[0.784s] INFO:colcon.colcon_core.shell:Creating prefix script '/home/hakim/Stage_allemagne/spot_ws/src/spot_bringup/install/local_setup.ps1'
[0.784s] INFO:colcon.colcon_core.shell:Creating prefix util module '/home/hakim/Stage_allemagne/spot_ws/src/spot_bringup/install/_local_setup_util_ps1.py'
[0.786s] INFO:colcon.colcon_core.shell:Creating prefix chain script '/home/hakim/Stage_allemagne/spot_ws/src/spot_bringup/install/setup.ps1'
[0.787s] INFO:colcon.colcon_core.shell:Creating prefix script '/home/hakim/Stage_allemagne/spot_ws/src/spot_bringup/install/local_setup.sh'
[0.787s] INFO:colcon.colcon_core.shell:Creating prefix util module '/home/hakim/Stage_allemagne/spot_ws/src/spot_bringup/install/_local_setup_util_sh.py'
[0.788s] INFO:colcon.colcon_core.shell:Creating prefix chain script '/home/hakim/Stage_allemagne/spot_ws/src/spot_bringup/install/setup.sh'
[0.788s] INFO:colcon.colcon_core.shell:Creating prefix script '/home/hakim/Stage_allemagne/spot_ws/src/spot_bringup/install/local_setup.bash'
[0.789s] INFO:colcon.colcon_core.shell:Creating prefix chain script '/home/hakim/Stage_allemagne/spot_ws/src/spot_bringup/install/setup.bash'
[0.790s] INFO:colcon.colcon_core.shell:Creating prefix script '/home/hakim/Stage_allemagne/spot_ws/src/spot_bringup/install/local_setup.zsh'
[0.790s] INFO:colcon.colcon_core.shell:Creating prefix chain script '/home/hakim/Stage_allemagne/spot_ws/src/spot_bringup/install/setup.zsh'
